<?xml version="1.0" encoding="UTF-8"?>
<!-- Generated by org.testng.reporters.JUnitReportReporter -->
<testsuite skipped="0" hostname="IBMADM-SG916TS" name="Day9.FourthProgram" tests="1" failures="0" timestamp="2019-08-28T19:40:14 IST" time="0.015" errors="0">
  <testcase name="firstTest" time="0.015" classname="Day9.FourthProgram"/>
</testsuite> <!-- Day9.FourthProgram -->
