<?xml version="1.0" encoding="UTF-8"?>
<!-- Generated by org.testng.reporters.JUnitReportReporter -->
<testsuite skipped="0" hostname="IBMADM-SG916TS" name="Day10.ParallelTestingDiffBrowser" tests="2" failures="0" timestamp="2019-08-29T19:40:33 IST" time="7.492" errors="0">
  <testcase name="LoginTest" time="3.258" classname="Day10.ParallelTestingDiffBrowser"/>
  <testcase name="LoginTest" time="4.234" classname="Day10.ParallelTestingDiffBrowser"/>
</testsuite> <!-- Day10.ParallelTestingDiffBrowser -->
