<?xml version="1.0" encoding="UTF-8"?>
<!-- Generated by org.testng.reporters.JUnitReportReporter -->
<testsuite skipped="0" hostname="IBMADM-SG916TS" name="Day10.DatadrivenTestNG" tests="2" failures="0" timestamp="2019-09-09T07:10:59 EDT" time="8.667" errors="0">
  <testcase name="Register" time="4.705" classname="Day10.DatadrivenTestNG"/>
  <testcase name="Register" time="3.962" classname="Day10.DatadrivenTestNG"/>
</testsuite> <!-- Day10.DatadrivenTestNG -->
