<?xml version="1.0" encoding="UTF-8"?>
<!-- Generated by org.testng.reporters.JUnitReportReporter -->
<testsuite skipped="0" hostname="IBMADM-SG916TS" name="Day9.FifthProgram" tests="2" failures="0" timestamp="2019-08-28T20:04:56 IST" time="0.010" errors="0">
  <testcase name="f" time="0.002" classname="Day9.FifthProgram"/>
  <testcase name="f" time="0.008" classname="Day9.FifthProgram"/>
</testsuite> <!-- Day9.FifthProgram -->
