<?xml version="1.0" encoding="UTF-8"?>
<!-- Generated by org.testng.reporters.JUnitReportReporter -->
<testsuite skipped="0" hostname="IBMADM-SG916TS" name="Day10.Timeout" tests="1" failures="0" timestamp="2019-08-29T19:05:59 IST" time="1.030" errors="1">
  <testcase name="f" time="1.030" classname="Day10.Timeout">
    <error type="org.testng.internal.thread.ThreadTimeoutException" message="Method Day10.Timeout.f() didn&#039;t finish within the time-out 1000">
      <![CDATA[org.testng.internal.thread.ThreadTimeoutException: Method Day10.Timeout.f() didn't finish within the time-out 1000
]]>
    </error>
  </testcase> <!-- f -->
</testsuite> <!-- Day10.Timeout -->
