<?xml version="1.0" encoding="UTF-8"?>
<!-- Generated by org.testng.reporters.JUnitReportReporter -->
<testsuite skipped="0" hostname="IBMADM-SG916TS" name="Day8.BasicLoginTest" tests="1" failures="0" timestamp="2019-08-28T13:09:19 IST" time="0.022" errors="0">
  <testcase name="FirstTest" time="0.022" classname="Day8.BasicLoginTest"/>
</testsuite> <!-- Day8.BasicLoginTest -->
