<?xml version="1.0" encoding="UTF-8"?>
<!-- Generated by org.testng.reporters.JUnitReportReporter -->
<testsuite skipped="0" hostname="IBMADM-SG916TS" name="MockTest.Asgnnt2_DataProvider_Assert" tests="3" failures="0" timestamp="2019-09-12T11:00:04 EDT" time="12.186" errors="0">
  <testcase name="Registration" time="3.803" classname="MockTest.Asgnnt2_DataProvider_Assert"/>
  <testcase name="Registration" time="4.302" classname="MockTest.Asgnnt2_DataProvider_Assert"/>
  <testcase name="Registration" time="4.081" classname="MockTest.Asgnnt2_DataProvider_Assert"/>
</testsuite> <!-- MockTest.Asgnnt2_DataProvider_Assert -->
