<?xml version="1.0" encoding="UTF-8"?>
<!-- Generated by org.testng.reporters.JUnitReportReporter -->
<testsuite skipped="0" hostname="IBMADM-SG916TS" name="Day9.TestEnabled" tests="1" failures="0" timestamp="2019-08-28T19:40:14 IST" time="0.002" errors="0">
  <testcase name="secondTest" time="0.002" classname="Day9.TestEnabled"/>
</testsuite> <!-- Day9.TestEnabled -->
